# JRE version: Java(TM) SE Runtime Environment (8.0_151-b12) (build 1.8.0_151-b12)
# Java VM: Java HotSpot(TM) 64-Bit Server VM (25.151-b12 mixed mode linux-amd64 compressed oops)
Heap:
 PSYoungGen      total 328192K, used 156519K [0x00000000d6d80000, 0x00000000fb400000, 0x0000000100000000)
  eden space 107008K, 0% used [0x00000000d6d80000,0x00000000d6d80000,0x00000000dd600000)
  from space 221184K, 70% used [0x00000000dd600000,0x00000000e6ed9c00,0x00000000eae00000)
  to   space 224768K, 0% used [0x00000000ed880000,0x00000000ed880000,0x00000000fb400000)
 ParOldGen       total 528896K, used 528732K [0x0000000084800000, 0x00000000a4c80000, 0x00000000d6d80000)
  object space 528896K, 99% used [0x0000000084800000,0x00000000a4c570e0,0x00000000a4c80000)
 Metaspace       used 2651K, capacity 4490K, committed 4864K, reserved 1056768K
  class space    used 285K, capacity 386K, committed 512K, reserved 1048576K
GC Heap History (10 events):
Event: 18,962 GC heap after
Heap after GC invocations=8 (full 3):
 PSYoungGen      total 94208K, used 0K [0x00000000d6d80000, 0x00000000ea380000, 0x0000000100000000)
  eden space 89088K, 0% used [0x00000000d6d80000,0x00000000d6d80000,0x00000000dc480000)
  from space 5120K, 0% used [0x00000000dc480000,0x00000000dc480000,0x00000000dc980000)
  to   space 98816K, 0% used [0x00000000e4300000,0x00000000e4300000,0x00000000ea380000)
 ParOldGen       total 528896K, used 273096K [0x0000000084800000, 0x00000000a4c80000, 0x00000000d6d80000)
  object space 528896K, 51% used [0x0000000084800000,0x00000000952b2320,0x00000000a4c80000)
 Metaspace       used 2651K, capacity 4490K, committed 4864K, reserved 1056768K
  class space    used 285K, capacity 386K, committed 512K, reserved 1048576K
}
Event: 19,245 GC heap before
{Heap before GC invocations=9 (full 3):
 PSYoungGen      total 94208K, used 89088K [0x00000000d6d80000, 0x00000000ea380000, 0x0000000100000000)
  eden space 89088K, 100% used [0x00000000d6d80000,0x00000000dc480000,0x00000000dc480000)
  from space 5120K, 0% used [0x00000000dc480000,0x00000000dc480000,0x00000000dc980000)
  to   space 98816K, 0% used [0x00000000e4300000,0x00000000e4300000,0x00000000ea380000)
 ParOldGen       total 528896K, used 273096K [0x0000000084800000, 0x00000000a4c80000, 0x00000000d6d80000)
  object space 528896K, 51% used [0x0000000084800000,0x00000000952b2320,0x00000000a4c80000)
 Metaspace       used 2651K, capacity 4490K, committed 4864K, reserved 1056768K
  class space    used 285K, capacity 386K, committed 512K, reserved 1048576K
Event: 19,707 GC heap after
Heap after GC invocations=9 (full 3):
 PSYoungGen      total 206848K, used 89216K [0x00000000d6d80000, 0x00000000eba00000, 0x0000000100000000)
  eden space 108032K, 0% used [0x00000000d6d80000,0x00000000d6d80000,0x00000000dd700000)
  from space 98816K, 90% used [0x00000000e4300000,0x00000000e9a20000,0x00000000ea380000)
  to   space 110592K, 0% used [0x00000000dd700000,0x00000000dd700000,0x00000000e4300000)
 ParOldGen       total 528896K, used 273096K [0x0000000084800000, 0x00000000a4c80000, 0x00000000d6d80000)
  object space 528896K, 51% used [0x0000000084800000,0x00000000952b2320,0x00000000a4c80000)
 Metaspace       used 2651K, capacity 4490K, committed 4864K, reserved 1056768K
  class space    used 285K, capacity 386K, committed 512K, reserved 1048576K
}
Event: 20,001 GC heap before
{Heap before GC invocations=10 (full 3):
 PSYoungGen      total 206848K, used 197248K [0x00000000d6d80000, 0x00000000eba00000, 0x0000000100000000)
  eden space 108032K, 100% used [0x00000000d6d80000,0x00000000dd700000,0x00000000dd700000)
  from space 98816K, 90% used [0x00000000e4300000,0x00000000e9a20000,0x00000000ea380000)
  to   space 110592K, 0% used [0x00000000dd700000,0x00000000dd700000,0x00000000e4300000)
 ParOldGen       total 528896K, used 273096K [0x0000000084800000, 0x00000000a4c80000, 0x00000000d6d80000)
  object space 528896K, 51% used [0x0000000084800000,0x00000000952b2320,0x00000000a4c80000)
 Metaspace       used 2651K, capacity 4490K, committed 4864K, reserved 1056768K
  class space    used 285K, capacity 386K, committed 512K, reserved 1048576K
Event: 21,064 GC heap after
Heap after GC invocations=10 (full 3):
 PSYoungGen      total 218624K, used 110592K [0x00000000d6d80000, 0x00000000f5580000, 0x0000000100000000)
  eden space 108032K, 0% used [0x00000000d6d80000,0x00000000d6d80000,0x00000000dd700000)
  from space 110592K, 100% used [0x00000000dd700000,0x00000000e4300000,0x00000000e4300000)
  to   space 171520K, 0% used [0x00000000eae00000,0x00000000eae00000,0x00000000f5580000)
 ParOldGen       total 528896K, used 360080K [0x0000000084800000, 0x00000000a4c80000, 0x00000000d6d80000)
  object space 528896K, 68% used [0x0000000084800000,0x000000009a7a4320,0x00000000a4c80000)
 Metaspace       used 2651K, capacity 4490K, committed 4864K, reserved 1056768K
  class space    used 285K, capacity 386K, committed 512K, reserved 1048576K
}
Event: 21,340 GC heap before
{Heap before GC invocations=11 (full 3):
 PSYoungGen      total 218624K, used 218624K [0x00000000d6d80000, 0x00000000f5580000, 0x0000000100000000)
  eden space 108032K, 100% used [0x00000000d6d80000,0x00000000dd700000,0x00000000dd700000)
  from space 110592K, 100% used [0x00000000dd700000,0x00000000e4300000,0x00000000e4300000)
  to   space 171520K, 0% used [0x00000000eae00000,0x00000000eae00000,0x00000000f5580000)
 ParOldGen       total 528896K, used 360080K [0x0000000084800000, 0x00000000a4c80000, 0x00000000d6d80000)
  object space 528896K, 68% used [0x0000000084800000,0x000000009a7a4320,0x00000000a4c80000)
 Metaspace       used 2651K, capacity 4490K, committed 4864K, reserved 1056768K
  class space    used 285K, capacity 386K, committed 512K, reserved 1048576K
Event: 22,764 GC heap after
Heap after GC invocations=11 (full 3):
 PSYoungGen      total 278528K, used 171520K [0x00000000d6d80000, 0x00000000fc080000, 0x0000000100000000)
  eden space 107008K, 0% used [0x00000000d6d80000,0x00000000d6d80000,0x00000000dd600000)
  from space 171520K, 100% used [0x00000000eae00000,0x00000000f5580000,0x00000000f5580000)
  to   space 221184K, 0% used [0x00000000dd600000,0x00000000dd600000,0x00000000eae00000)
 ParOldGen       total 528896K, used 407448K [0x0000000084800000, 0x00000000a4c80000, 0x00000000d6d80000)
  object space 528896K, 77% used [0x0000000084800000,0x000000009d5e6320,0x00000000a4c80000)
 Metaspace       used 2651K, capacity 4490K, committed 4864K, reserved 1056768K
  class space    used 285K, capacity 386K, committed 512K, reserved 1048576K
}
Event: 23,002 GC heap before
{Heap before GC invocations=12 (full 3):
 PSYoungGen      total 278528K, used 278528K [0x00000000d6d80000, 0x00000000fc080000, 0x0000000100000000)
  eden space 107008K, 100% used [0x00000000d6d80000,0x00000000dd600000,0x00000000dd600000)
  from space 171520K, 100% used [0x00000000eae00000,0x00000000f5580000,0x00000000f5580000)
  to   space 221184K, 0% used [0x00000000dd600000,0x00000000dd600000,0x00000000eae00000)
 ParOldGen       total 528896K, used 407448K [0x0000000084800000, 0x00000000a4c80000, 0x00000000d6d80000)
  object space 528896K, 77% used [0x0000000084800000,0x000000009d5e6320,0x00000000a4c80000)
 Metaspace       used 2651K, capacity 4490K, committed 4864K, reserved 1056768K
  class space    used 285K, capacity 386K, committed 512K, reserved 1048576K
Event: 24,282 GC heap after
Heap after GC invocations=12 (full 3):
 PSYoungGen      total 328192K, used 221184K [0x00000000d6d80000, 0x00000000fb400000, 0x0000000100000000)
  eden space 107008K, 0% used [0x00000000d6d80000,0x00000000d6d80000,0x00000000dd600000)
  from space 221184K, 100% used [0x00000000dd600000,0x00000000eae00000,0x00000000eae00000)
  to   space 224768K, 0% used [0x00000000ed880000,0x00000000ed880000,0x00000000fb400000)
 ParOldGen       total 528896K, used 465080K [0x0000000084800000, 0x00000000a4c80000, 0x00000000d6d80000)
  object space 528896K, 87% used [0x0000000084800000,0x00000000a0e2e320,0x00000000a4c80000)
 Metaspace       used 2651K, capacity 4490K, committed 4864K, reserved 1056768K
  class space    used 285K, capacity 386K, committed 512K, reserved 1048576K
}
Event: 24,282 GC heap before
{Heap before GC invocations=13 (full 4):
 PSYoungGen      total 328192K, used 221184K [0x00000000d6d80000, 0x00000000fb400000, 0x0000000100000000)
  eden space 107008K, 0% used [0x00000000d6d80000,0x00000000d6d80000,0x00000000dd600000)
  from space 221184K, 100% used [0x00000000dd600000,0x00000000eae00000,0x00000000eae00000)
  to   space 224768K, 0% used [0x00000000ed880000,0x00000000ed880000,0x00000000fb400000)
 ParOldGen       total 528896K, used 465080K [0x0000000084800000, 0x00000000a4c80000, 0x00000000d6d80000)
  object space 528896K, 87% used [0x0000000084800000,0x00000000a0e2e320,0x00000000a4c80000)
 Metaspace       used 2651K, capacity 4490K, committed 4864K, reserved 1056768K
  class space    used 285K, capacity 386K, committed 512K, reserved 1048576K

