# JRE version: Java(TM) SE Runtime Environment (8.0_151-b12) (build 1.8.0_151-b12)
# Java VM: Java HotSpot(TM) 64-Bit Server VM (25.151-b12 mixed mode linux-amd64 compressed oops)
Heap:
 PSYoungGen      total 406016K, used 196416K [0x00000000d6d80000, 0x00000000fe580000, 0x0000000100000000)
  eden space 181248K, 0% used [0x00000000d6d80000,0x00000000d6d80000,0x00000000e1e80000)
  from space 224768K, 87% used [0x00000000efa00000,0x00000000fb9d0000,0x00000000fd580000)
  to   space 224768K, 0% used [0x00000000e1e80000,0x00000000e1e80000,0x00000000efa00000)
 ParOldGen       total 879616K, used 879490K [0x0000000084800000, 0x00000000ba300000, 0x00000000d6d80000)
  object space 879616K, 99% used [0x0000000084800000,0x00000000ba2e0b08,0x00000000ba300000)
 Metaspace       used 2656K, capacity 4490K, committed 4864K, reserved 1056768K
  class space    used 285K, capacity 386K, committed 512K, reserved 1048576K
GC Heap History (10 events):
Event: 30,913 GC heap after
Heap after GC invocations=12 (full 3):
 PSYoungGen      total 329728K, used 223232K [0x00000000d6d80000, 0x00000000fb180000, 0x0000000100000000)
  eden space 106496K, 0% used [0x00000000d6d80000,0x00000000d6d80000,0x00000000dd580000)
  from space 223232K, 100% used [0x00000000dd580000,0x00000000eaf80000,0x00000000eaf80000)
  to   space 224768K, 0% used [0x00000000ed600000,0x00000000ed600000,0x00000000fb180000)
 ParOldGen       total 535040K, used 466625K [0x0000000084800000, 0x00000000a5280000, 0x00000000d6d80000)
  object space 535040K, 87% used [0x0000000084800000,0x00000000a0fb0638,0x00000000a5280000)
 Metaspace       used 2656K, capacity 4490K, committed 4864K, reserved 1056768K
  class space    used 285K, capacity 386K, committed 512K, reserved 1048576K
}
Event: 30,913 GC heap before
{Heap before GC invocations=13 (full 4):
 PSYoungGen      total 329728K, used 223232K [0x00000000d6d80000, 0x00000000fb180000, 0x0000000100000000)
  eden space 106496K, 0% used [0x00000000d6d80000,0x00000000d6d80000,0x00000000dd580000)
  from space 223232K, 100% used [0x00000000dd580000,0x00000000eaf80000,0x00000000eaf80000)
  to   space 224768K, 0% used [0x00000000ed600000,0x00000000ed600000,0x00000000fb180000)
 ParOldGen       total 535040K, used 466625K [0x0000000084800000, 0x00000000a5280000, 0x00000000d6d80000)
  object space 535040K, 87% used [0x0000000084800000,0x00000000a0fb0638,0x00000000a5280000)
 Metaspace       used 2656K, capacity 4490K, committed 4864K, reserved 1056768K
  class space    used 285K, capacity 386K, committed 512K, reserved 1048576K
Event: 43,967 GC heap after
Heap after GC invocations=13 (full 4):
 PSYoungGen      total 329728K, used 153961K [0x00000000d6d80000, 0x00000000fb180000, 0x0000000100000000)
  eden space 106496K, 0% used [0x00000000d6d80000,0x00000000d6d80000,0x00000000dd580000)
  from space 223232K, 68% used [0x00000000dd580000,0x00000000e6bda600,0x00000000eaf80000)
  to   space 224768K, 0% used [0x00000000ed600000,0x00000000ed600000,0x00000000fb180000)
 ParOldGen       total 879616K, used 534876K [0x0000000084800000, 0x00000000ba300000, 0x00000000d6d80000)
  object space 879616K, 60% used [0x0000000084800000,0x00000000a52571c8,0x00000000ba300000)
 Metaspace       used 2656K, capacity 4490K, committed 4864K, reserved 1056768K
  class space    used 285K, capacity 386K, committed 512K, reserved 1048576K
}
Event: 44,167 GC heap before
{Heap before GC invocations=14 (full 4):
 PSYoungGen      total 329728K, used 260457K [0x00000000d6d80000, 0x00000000fb180000, 0x0000000100000000)
  eden space 106496K, 100% used [0x00000000d6d80000,0x00000000dd580000,0x00000000dd580000)
  from space 223232K, 68% used [0x00000000dd580000,0x00000000e6bda600,0x00000000eaf80000)
  to   space 224768K, 0% used [0x00000000ed600000,0x00000000ed600000,0x00000000fb180000)
 ParOldGen       total 879616K, used 534876K [0x0000000084800000, 0x00000000ba300000, 0x00000000d6d80000)
  object space 879616K, 60% used [0x0000000084800000,0x00000000a52571c8,0x00000000ba300000)
 Metaspace       used 2656K, capacity 4490K, committed 4864K, reserved 1056768K
  class space    used 285K, capacity 386K, committed 512K, reserved 1048576K
Event: 45,182 GC heap after
Heap after GC invocations=14 (full 4):
 PSYoungGen      total 360960K, used 224768K [0x00000000d6d80000, 0x00000000fb180000, 0x0000000100000000)
  eden space 136192K, 0% used [0x00000000d6d80000,0x00000000d6d80000,0x00000000df280000)
  from space 224768K, 100% used [0x00000000ed600000,0x00000000fb180000,0x00000000fb180000)
  to   space 224768K, 0% used [0x00000000dfa80000,0x00000000dfa80000,0x00000000ed600000)
 ParOldGen       total 879616K, used 570940K [0x0000000084800000, 0x00000000ba300000, 0x00000000d6d80000)
  object space 879616K, 64% used [0x0000000084800000,0x00000000a758f1c8,0x00000000ba300000)
 Metaspace       used 2656K, capacity 4490K, committed 4864K, reserved 1056768K
  class space    used 285K, capacity 386K, committed 512K, reserved 1048576K
}
Event: 45,537 GC heap before
{Heap before GC invocations=15 (full 4):
 PSYoungGen      total 360960K, used 360960K [0x00000000d6d80000, 0x00000000fb180000, 0x0000000100000000)
  eden space 136192K, 100% used [0x00000000d6d80000,0x00000000df280000,0x00000000df280000)
  from space 224768K, 100% used [0x00000000ed600000,0x00000000fb180000,0x00000000fb180000)
  to   space 224768K, 0% used [0x00000000dfa80000,0x00000000dfa80000,0x00000000ed600000)
 ParOldGen       total 879616K, used 570940K [0x0000000084800000, 0x00000000ba300000, 0x00000000d6d80000)
  object space 879616K, 64% used [0x0000000084800000,0x00000000a758f1c8,0x00000000ba300000)
 Metaspace       used 2656K, capacity 4490K, committed 4864K, reserved 1056768K
  class space    used 285K, capacity 386K, committed 512K, reserved 1048576K
Event: 46,972 GC heap after
Heap after GC invocations=15 (full 4):
 PSYoungGen      total 369152K, used 224768K [0x00000000d6d80000, 0x00000000fd580000, 0x0000000100000000)
  eden space 144384K, 0% used [0x00000000d6d80000,0x00000000d6d80000,0x00000000dfa80000)
  from space 224768K, 100% used [0x00000000dfa80000,0x00000000ed600000,0x00000000ed600000)
  to   space 224768K, 0% used [0x00000000efa00000,0x00000000efa00000,0x00000000fd580000)
 ParOldGen       total 879616K, used 707676K [0x0000000084800000, 0x00000000ba300000, 0x00000000d6d80000)
  object space 879616K, 80% used [0x0000000084800000,0x00000000afb171c8,0x00000000ba300000)
 Metaspace       used 2656K, capacity 4490K, committed 4864K, reserved 1056768K
  class space    used 285K, capacity 386K, committed 512K, reserved 1048576K
}
Event: 47,277 GC heap before
{Heap before GC invocations=16 (full 4):
 PSYoungGen      total 369152K, used 369152K [0x00000000d6d80000, 0x00000000fd580000, 0x0000000100000000)
  eden space 144384K, 100% used [0x00000000d6d80000,0x00000000dfa80000,0x00000000dfa80000)
  from space 224768K, 100% used [0x00000000dfa80000,0x00000000ed600000,0x00000000ed600000)
  to   space 224768K, 0% used [0x00000000efa00000,0x00000000efa00000,0x00000000fd580000)
 ParOldGen       total 879616K, used 707676K [0x0000000084800000, 0x00000000ba300000, 0x00000000d6d80000)
  object space 879616K, 80% used [0x0000000084800000,0x00000000afb171c8,0x00000000ba300000)
 Metaspace       used 2656K, capacity 4490K, committed 4864K, reserved 1056768K
  class space    used 285K, capacity 386K, committed 512K, reserved 1048576K
Event: 48,413 GC heap after
Heap after GC invocations=16 (full 4):
 PSYoungGen      total 406016K, used 224768K [0x00000000d6d80000, 0x00000000fe580000, 0x0000000100000000)
  eden space 181248K, 0% used [0x00000000d6d80000,0x00000000d6d80000,0x00000000e1e80000)
  from space 224768K, 100% used [0x00000000efa00000,0x00000000fd580000,0x00000000fd580000)
  to   space 224768K, 0% used [0x00000000e1e80000,0x00000000e1e80000,0x00000000efa00000)
 ParOldGen       total 879616K, used 852644K [0x0000000084800000, 0x00000000ba300000, 0x00000000d6d80000)
  object space 879616K, 96% used [0x0000000084800000,0x00000000b88a91c8,0x00000000ba300000)
 Metaspace       used 2656K, capacity 4490K, committed 4864K, reserved 1056768K
  class space    used 285K, capacity 386K, committed 512K, reserved 1048576K
}
Event: 48,413 GC heap before
{Heap before GC invocations=17 (full 5):
 PSYoungGen      total 406016K, used 224768K [0x00000000d6d80000, 0x00000000fe580000, 0x0000000100000000)
  eden space 181248K, 0% used [0x00000000d6d80000,0x00000000d6d80000,0x00000000e1e80000)
  from space 224768K, 100% used [0x00000000efa00000,0x00000000fd580000,0x00000000fd580000)
  to   space 224768K, 0% used [0x00000000e1e80000,0x00000000e1e80000,0x00000000efa00000)
 ParOldGen       total 879616K, used 852644K [0x0000000084800000, 0x00000000ba300000, 0x00000000d6d80000)
  object space 879616K, 96% used [0x0000000084800000,0x00000000b88a91c8,0x00000000ba300000)
 Metaspace       used 2656K, capacity 4490K, committed 4864K, reserved 1056768K
  class space    used 285K, capacity 386K, committed 512K, reserved 1048576K

