# JRE version: Java(TM) SE Runtime Environment (8.0_151-b12) (build 1.8.0_151-b12)
# Java VM: Java HotSpot(TM) 64-Bit Server VM (25.151-b12 mixed mode linux-amd64 compressed oops)
Heap:
 PSYoungGen      total 96768K, used 0K [0x00000000d6d80000, 0x00000000ea900000, 0x0000000100000000)
  eden space 91648K, 0% used [0x00000000d6d80000,0x00000000d6d80000,0x00000000dc700000)
  from space 5120K, 0% used [0x00000000dc700000,0x00000000dc700000,0x00000000dcc00000)
  to   space 100352K, 0% used [0x00000000e4700000,0x00000000e4700000,0x00000000ea900000)
 ParOldGen       total 297472K, used 275144K [0x0000000084800000, 0x0000000096a80000, 0x00000000d6d80000)
  object space 297472K, 92% used [0x0000000084800000,0x00000000954b2310,0x0000000096a80000)
 Metaspace       used 2656K, capacity 4490K, committed 4864K, reserved 1056768K
  class space    used 285K, capacity 386K, committed 512K, reserved 1048576K
GC Heap History (10 events):
Event: 5,211 GC heap after
Heap after GC invocations=3 (full 1):
 PSYoungGen      total 68608K, used 0K [0x00000000d6d80000, 0x00000000db580000, 0x0000000100000000)
  eden space 63488K, 0% used [0x00000000d6d80000,0x00000000d6d80000,0x00000000dab80000)
  from space 5120K, 0% used [0x00000000db080000,0x00000000db080000,0x00000000db580000)
  to   space 5120K, 0% used [0x00000000dab80000,0x00000000dab80000,0x00000000db080000)
 ParOldGen       total 154624K, used 62669K [0x0000000084800000, 0x000000008df00000, 0x00000000d6d80000)
  object space 154624K, 40% used [0x0000000084800000,0x0000000088533488,0x000000008df00000)
 Metaspace       used 2656K, capacity 4490K, committed 4864K, reserved 1056768K
  class space    used 285K, capacity 386K, committed 512K, reserved 1048576K
}
Event: 5,415 GC heap before
{Heap before GC invocations=4 (full 1):
 PSYoungGen      total 68608K, used 63488K [0x00000000d6d80000, 0x00000000db580000, 0x0000000100000000)
  eden space 63488K, 100% used [0x00000000d6d80000,0x00000000dab80000,0x00000000dab80000)
  from space 5120K, 0% used [0x00000000db080000,0x00000000db080000,0x00000000db580000)
  to   space 5120K, 0% used [0x00000000dab80000,0x00000000dab80000,0x00000000db080000)
 ParOldGen       total 154624K, used 62669K [0x0000000084800000, 0x000000008df00000, 0x00000000d6d80000)
  object space 154624K, 40% used [0x0000000084800000,0x0000000088533488,0x000000008df00000)
 Metaspace       used 2656K, capacity 4490K, committed 4864K, reserved 1056768K
  class space    used 285K, capacity 386K, committed 512K, reserved 1048576K
Event: 5,766 GC heap after
Heap after GC invocations=4 (full 1):
 PSYoungGen      total 68608K, used 5120K [0x00000000d6d80000, 0x00000000dd100000, 0x0000000100000000)
  eden space 63488K, 0% used [0x00000000d6d80000,0x00000000d6d80000,0x00000000dab80000)
  from space 5120K, 100% used [0x00000000dab80000,0x00000000db080000,0x00000000db080000)
  to   space 5120K, 0% used [0x00000000dcc00000,0x00000000dcc00000,0x00000000dd100000)
 ParOldGen       total 154624K, used 121285K [0x0000000084800000, 0x000000008df00000, 0x00000000d6d80000)
  object space 154624K, 78% used [0x0000000084800000,0x000000008be71488,0x000000008df00000)
 Metaspace       used 2656K, capacity 4490K, committed 4864K, reserved 1056768K
  class space    used 285K, capacity 386K, committed 512K, reserved 1048576K
}
Event: 5,766 GC heap before
{Heap before GC invocations=5 (full 2):
 PSYoungGen      total 68608K, used 5120K [0x00000000d6d80000, 0x00000000dd100000, 0x0000000100000000)
  eden space 63488K, 0% used [0x00000000d6d80000,0x00000000d6d80000,0x00000000dab80000)
  from space 5120K, 100% used [0x00000000dab80000,0x00000000db080000,0x00000000db080000)
  to   space 5120K, 0% used [0x00000000dcc00000,0x00000000dcc00000,0x00000000dd100000)
 ParOldGen       total 154624K, used 121285K [0x0000000084800000, 0x000000008df00000, 0x00000000d6d80000)
  object space 154624K, 78% used [0x0000000084800000,0x000000008be71488,0x000000008df00000)
 Metaspace       used 2656K, capacity 4490K, committed 4864K, reserved 1056768K
  class space    used 285K, capacity 386K, committed 512K, reserved 1048576K
Event: 11,202 GC heap after
Heap after GC invocations=5 (full 2):
 PSYoungGen      total 68608K, used 0K [0x00000000d6d80000, 0x00000000dd100000, 0x0000000100000000)
  eden space 63488K, 0% used [0x00000000d6d80000,0x00000000d6d80000,0x00000000dab80000)
  from space 5120K, 0% used [0x00000000dab80000,0x00000000dab80000,0x00000000db080000)
  to   space 5120K, 0% used [0x00000000dcc00000,0x00000000dcc00000,0x00000000dd100000)
 ParOldGen       total 297472K, used 126155K [0x0000000084800000, 0x0000000096a80000, 0x00000000d6d80000)
  object space 297472K, 42% used [0x0000000084800000,0x000000008c332fb8,0x0000000096a80000)
 Metaspace       used 2656K, capacity 4490K, committed 4864K, reserved 1056768K
  class space    used 285K, capacity 386K, committed 512K, reserved 1048576K
}
Event: 11,388 GC heap before
{Heap before GC invocations=6 (full 2):
 PSYoungGen      total 68608K, used 63488K [0x00000000d6d80000, 0x00000000dd100000, 0x0000000100000000)
  eden space 63488K, 100% used [0x00000000d6d80000,0x00000000dab80000,0x00000000dab80000)
  from space 5120K, 0% used [0x00000000dab80000,0x00000000dab80000,0x00000000db080000)
  to   space 5120K, 0% used [0x00000000dcc00000,0x00000000dcc00000,0x00000000dd100000)
 ParOldGen       total 297472K, used 126155K [0x0000000084800000, 0x0000000096a80000, 0x00000000d6d80000)
  object space 297472K, 42% used [0x0000000084800000,0x000000008c332fb8,0x0000000096a80000)
 Metaspace       used 2656K, capacity 4490K, committed 4864K, reserved 1056768K
  class space    used 285K, capacity 386K, committed 512K, reserved 1048576K
Event: 11,731 GC heap after
Heap after GC invocations=6 (full 2):
 PSYoungGen      total 90624K, used 5120K [0x00000000d6d80000, 0x00000000dd100000, 0x0000000100000000)
  eden space 85504K, 0% used [0x00000000d6d80000,0x00000000d6d80000,0x00000000dc100000)
  from space 5120K, 100% used [0x00000000dcc00000,0x00000000dd100000,0x00000000dd100000)
  to   space 5120K, 0% used [0x00000000dc700000,0x00000000dc700000,0x00000000dcc00000)
 ParOldGen       total 297472K, used 184763K [0x0000000084800000, 0x0000000096a80000, 0x00000000d6d80000)
  object space 297472K, 62% used [0x0000000084800000,0x000000008fc6efb8,0x0000000096a80000)
 Metaspace       used 2656K, capacity 4490K, committed 4864K, reserved 1056768K
  class space    used 285K, capacity 386K, committed 512K, reserved 1048576K
}
Event: 11,950 GC heap before
{Heap before GC invocations=7 (full 2):
 PSYoungGen      total 90624K, used 90624K [0x00000000d6d80000, 0x00000000dd100000, 0x0000000100000000)
  eden space 85504K, 100% used [0x00000000d6d80000,0x00000000dc100000,0x00000000dc100000)
  from space 5120K, 100% used [0x00000000dcc00000,0x00000000dd100000,0x00000000dd100000)
  to   space 5120K, 0% used [0x00000000dc700000,0x00000000dc700000,0x00000000dcc00000)
 ParOldGen       total 297472K, used 184763K [0x0000000084800000, 0x0000000096a80000, 0x00000000d6d80000)
  object space 297472K, 62% used [0x0000000084800000,0x000000008fc6efb8,0x0000000096a80000)
 Metaspace       used 2656K, capacity 4490K, committed 4864K, reserved 1056768K
  class space    used 285K, capacity 386K, committed 512K, reserved 1048576K
Event: 12,428 GC heap after
Heap after GC invocations=7 (full 2):
 PSYoungGen      total 96768K, used 5120K [0x00000000d6d80000, 0x00000000ea900000, 0x0000000100000000)
  eden space 91648K, 0% used [0x00000000d6d80000,0x00000000d6d80000,0x00000000dc700000)
  from space 5120K, 100% used [0x00000000dc700000,0x00000000dcc00000,0x00000000dcc00000)
  to   space 100352K, 0% used [0x00000000e4700000,0x00000000e4700000,0x00000000ea900000)
 ParOldGen       total 297472K, used 270619K [0x0000000084800000, 0x0000000096a80000, 0x00000000d6d80000)
  object space 297472K, 90% used [0x0000000084800000,0x0000000095046fb8,0x0000000096a80000)
 Metaspace       used 2656K, capacity 4490K, committed 4864K, reserved 1056768K
  class space    used 285K, capacity 386K, committed 512K, reserved 1048576K
}
Event: 12,428 GC heap before
{Heap before GC invocations=8 (full 3):
 PSYoungGen      total 96768K, used 5120K [0x00000000d6d80000, 0x00000000ea900000, 0x0000000100000000)
  eden space 91648K, 0% used [0x00000000d6d80000,0x00000000d6d80000,0x00000000dc700000)
  from space 5120K, 100% used [0x00000000dc700000,0x00000000dcc00000,0x00000000dcc00000)
  to   space 100352K, 0% used [0x00000000e4700000,0x00000000e4700000,0x00000000ea900000)
 ParOldGen       total 297472K, used 270619K [0x0000000084800000, 0x0000000096a80000, 0x00000000d6d80000)
  object space 297472K, 90% used [0x0000000084800000,0x0000000095046fb8,0x0000000096a80000)
 Metaspace       used 2656K, capacity 4490K, committed 4864K, reserved 1056768K
  class space    used 285K, capacity 386K, committed 512K, reserved 1048576K

